<?xml version="1.0" encoding="UTF-8"?>
<!-- Generated by org.testng.reporters.JUnitReportReporter -->
<testsuite skipped="0" hostname="CHL122908" name="tests.rest.ScenarioOne_Newsletter2go" tests="1" failures="0" timestamp="2020-06-29T17:34:08 IST" time="29.331" errors="0">
  <testcase name="newsletterScenarioOne" time="29.331" classname="tests.rest.ScenarioOne_Newsletter2go"/>
  <system-out/>
</testsuite> <!-- tests.rest.ScenarioOne_Newsletter2go -->
