<?xml version="1.0" encoding="UTF-8"?>
<!-- Generated by org.testng.reporters.JUnitReportReporter -->
<testsuite skipped="0" hostname="CHL122908" name="tests.rest.TC_01BankLogin" tests="1" failures="0" timestamp="2020-06-23T14:47:30 IST" time="8.910" errors="0">
  <testcase name="userlogin" time="8.910" classname="tests.rest.TC_01BankLogin"/>
  <system-out/>
</testsuite> <!-- tests.rest.TC_01BankLogin -->
