<?xml version="1.0" encoding="UTF-8"?>
<!-- Generated by org.testng.reporters.JUnitReportReporter -->
<testsuite skipped="0" hostname="CHL122908" name="tests.rest.ScenarioTwo_Newsletter2go" tests="1" failures="0" timestamp="2020-06-29T17:23:25 IST" time="15.775" errors="0">
  <testcase name="getuserDetails" time="15.775" classname="tests.rest.ScenarioTwo_Newsletter2go"/>
  <system-out/>
</testsuite> <!-- tests.rest.ScenarioTwo_Newsletter2go -->
